<?xml version="1.0" encoding="UTF-8"?>
<!-- Generated by org.testng.reporters.JUnitReportReporter -->
<testsuite hostname="Ascent-Abdul" failures="0" tests="2" name="ascentBusiness.SubmitOrderTest" time="42.732" errors="0" timestamp="2025-03-12T16:30:50 AST" skipped="0">
  <testcase classname="ascentBusiness.SubmitOrderTest" name="submitOrderTest" time="26.933"/>
  <testcase classname="ascentBusiness.SubmitOrderTest" name="submitOrderTest" time="15.799"/>
</testsuite> <!-- ascentBusiness.SubmitOrderTest -->
