<?xml version="1.0" encoding="UTF-8"?>
<!-- Generated by org.testng.reporters.JUnitReportReporter -->
<testsuite hostname="Ascent-Abdul" failures="0" tests="1" name="ascentBusiness.ExtentReportDemo" time="6.497" errors="0" timestamp="2025-03-08T17:07:30 AST" skipped="0">
  <testcase classname="ascentBusiness.ExtentReportDemo" name="scr" time="6.497"/>
</testsuite> <!-- ascentBusiness.ExtentReportDemo -->
