<?xml version="1.0" encoding="UTF-8"?>
<!-- Generated by org.testng.reporters.JUnitReportReporter -->
<testsuite hostname="Ascent-Abdul" failures="0" tests="1" name="ascentBusiness.StandAloneCode" time="12.173" errors="0" timestamp="2025-03-15T15:11:31 AST" skipped="0">
  <testcase classname="ascentBusiness.StandAloneCode" name="standAloneCode" time="12.173"/>
</testsuite> <!-- ascentBusiness.StandAloneCode -->
