<?xml version="1.0" encoding="UTF-8"?>
<!-- Generated by org.testng.reporters.JUnitReportReporter -->
<testsuite hostname="Ascent-Abdul" failures="0" tests="2" name="ascentBusiness.SubmitOrderTest" time="18.349" errors="0" timestamp="2025-03-15T15:12:20 AST" skipped="0">
  <testcase classname="ascentBusiness.SubmitOrderTest" name="submitOrderTest" time="9.750"/>
  <testcase classname="ascentBusiness.SubmitOrderTest" name="submitOrderTest" time="8.599"/>
</testsuite> <!-- ascentBusiness.SubmitOrderTest -->
